# JRE version: Java(TM) SE Runtime Environment (8.0_05-b13) (build 1.8.0_05-b13)
# Java VM: Java HotSpot(TM) 64-Bit Server VM (25.5-b02 mixed mode bsd-amd64 compressed oops)
Heap:
 PSYoungGen      total 209408K, used 87644K [0x00000007b0000000, 0x00000007c0000000, 0x00000007c0000000)
  eden space 165888K, 30% used [0x00000007b0000000,0x00000007b310e5c8,0x00000007ba200000)
  from space 43520K, 85% used [0x00000007bd580000,0x00000007bfa08ba0,0x00000007c0000000)
  to   space 48128K, 0% used [0x00000007ba200000,0x00000007ba200000,0x00000007bd100000)
 ParOldGen       total 72704K, used 68391K [0x0000000790000000, 0x0000000794700000, 0x00000007b0000000)
  object space 72704K, 94% used [0x0000000790000000,0x00000007942c9fb8,0x0000000794700000)
 Metaspace       used 60111K, capacity 61832K, committed 62080K, reserved 1103872K
  class space    used 6682K, capacity 7182K, committed 7296K, reserved 1048576K
GC Heap History (10 events):
Event: 21.940 GC heap before
{Heap before GC invocations=69 (full 5):
 PSYoungGen      total 208896K, used 173421K [0x00000007b0000000, 0x00000007bfc00000, 0x00000007c0000000)
  eden space 161792K, 100% used [0x00000007b0000000,0x00000007b9e00000,0x00000007b9e00000)
  from space 47104K, 24% used [0x00000007b9e00000,0x00000007ba95b638,0x00000007bcc00000)
  to   space 44544K, 0% used [0x00000007bd080000,0x00000007bd080000,0x00000007bfc00000)
 ParOldGen       total 72704K, used 65407K [0x0000000790000000, 0x0000000794700000, 0x00000007b0000000)
  object space 72704K, 89% used [0x0000000790000000,0x0000000793fdffb8,0x0000000794700000)
 Metaspace       used 55172K, capacity 56616K, committed 56960K, reserved 1099776K
  class space    used 6055K, capacity 6506K, committed 6528K, reserved 1048576K
Event: 21.950 GC heap after
Heap after GC invocations=69 (full 5):
 PSYoungGen      total 208384K, used 12726K [0x00000007b0000000, 0x00000007bf680000, 0x00000007c0000000)
  eden space 169472K, 0% used [0x00000007b0000000,0x00000007b0000000,0x00000007ba580000)
  from space 38912K, 32% used [0x00000007bd080000,0x00000007bdced9f0,0x00000007bf680000)
  to   space 41472K, 0% used [0x00000007ba580000,0x00000007ba580000,0x00000007bce00000)
 ParOldGen       total 72704K, used 66319K [0x0000000790000000, 0x0000000794700000, 0x00000007b0000000)
  object space 72704K, 91% used [0x0000000790000000,0x00000007940c3fb8,0x0000000794700000)
 Metaspace       used 55172K, capacity 56616K, committed 56960K, reserved 1099776K
  class space    used 6055K, capacity 6506K, committed 6528K, reserved 1048576K
}
Event: 22.707 GC heap before
{Heap before GC invocations=70 (full 5):
 PSYoungGen      total 208384K, used 176810K [0x00000007b0000000, 0x00000007bf680000, 0x00000007c0000000)
  eden space 169472K, 96% used [0x00000007b0000000,0x00000007ba03ce98,0x00000007ba580000)
  from space 38912K, 32% used [0x00000007bd080000,0x00000007bdced9f0,0x00000007bf680000)
  to   space 41472K, 0% used [0x00000007ba580000,0x00000007ba580000,0x00000007bce00000)
 ParOldGen       total 72704K, used 66319K [0x0000000790000000, 0x0000000794700000, 0x00000007b0000000)
  object space 72704K, 91% used [0x0000000790000000,0x00000007940c3fb8,0x0000000794700000)
 Metaspace       used 55872K, capacity 57386K, committed 57600K, reserved 1099776K
  class space    used 6132K, capacity 6582K, committed 6656K, reserved 1048576K
Event: 22.718 GC heap after
Heap after GC invocations=70 (full 5):
 PSYoungGen      total 210944K, used 18025K [0x00000007b0000000, 0x00000007bfc80000, 0x00000007c0000000)
  eden space 169472K, 0% used [0x00000007b0000000,0x00000007b0000000,0x00000007ba580000)
  from space 41472K, 43% used [0x00000007ba580000,0x00000007bb71a530,0x00000007bce00000)
  to   space 40448K, 0% used [0x00000007bd500000,0x00000007bd500000,0x00000007bfc80000)
 ParOldGen       total 72704K, used 66951K [0x0000000790000000, 0x0000000794700000, 0x00000007b0000000)
  object space 72704K, 92% used [0x0000000790000000,0x0000000794161fb8,0x0000000794700000)
 Metaspace       used 55872K, capacity 57386K, committed 57600K, reserved 1099776K
  class space    used 6132K, capacity 6582K, committed 6656K, reserved 1048576K
}
Event: 23.384 GC heap before
{Heap before GC invocations=71 (full 5):
 PSYoungGen      total 210944K, used 187497K [0x00000007b0000000, 0x00000007bfc80000, 0x00000007c0000000)
  eden space 169472K, 100% used [0x00000007b0000000,0x00000007ba580000,0x00000007ba580000)
  from space 41472K, 43% used [0x00000007ba580000,0x00000007bb71a530,0x00000007bce00000)
  to   space 40448K, 0% used [0x00000007bd500000,0x00000007bd500000,0x00000007bfc80000)
 ParOldGen       total 72704K, used 66951K [0x0000000790000000, 0x0000000794700000, 0x00000007b0000000)
  object space 72704K, 92% used [0x0000000790000000,0x0000000794161fb8,0x0000000794700000)
 Metaspace       used 56729K, capacity 58320K, committed 58496K, reserved 1101824K
  class space    used 6251K, capacity 6720K, committed 6784K, reserved 1048576K
Event: 23.397 GC heap after
Heap after GC invocations=71 (full 5):
 PSYoungGen      total 218112K, used 21834K [0x00000007b0000000, 0x00000007bfd00000, 0x00000007c0000000)
  eden space 177664K, 0% used [0x00000007b0000000,0x00000007b0000000,0x00000007bad80000)
  from space 40448K, 53% used [0x00000007bd500000,0x00000007bea52ab0,0x00000007bfc80000)
  to   space 40448K, 0% used [0x00000007bad80000,0x00000007bad80000,0x00000007bd500000)
 ParOldGen       total 72704K, used 67751K [0x0000000790000000, 0x0000000794700000, 0x00000007b0000000)
  object space 72704K, 93% used [0x0000000790000000,0x0000000794229fb8,0x0000000794700000)
 Metaspace       used 56729K, capacity 58320K, committed 58496K, reserved 1101824K
  class space    used 6251K, capacity 6720K, committed 6784K, reserved 1048576K
}
Event: 24.428 GC heap before
{Heap before GC invocations=72 (full 5):
 PSYoungGen      total 218112K, used 190127K [0x00000007b0000000, 0x00000007bfd00000, 0x00000007c0000000)
  eden space 177664K, 94% used [0x00000007b0000000,0x00000007ba459238,0x00000007bad80000)
  from space 40448K, 53% used [0x00000007bd500000,0x00000007bea52ab0,0x00000007bfc80000)
  to   space 40448K, 0% used [0x00000007bad80000,0x00000007bad80000,0x00000007bd500000)
 ParOldGen       total 72704K, used 67751K [0x0000000790000000, 0x0000000794700000, 0x00000007b0000000)
  object space 72704K, 93% used [0x0000000790000000,0x0000000794229fb8,0x0000000794700000)
 Metaspace       used 58208K, capacity 59824K, committed 60160K, reserved 1101824K
  class space    used 6365K, capacity 6816K, committed 6912K, reserved 1048576K
Event: 24.443 GC heap after
Heap after GC invocations=72 (full 5):
 PSYoungGen      total 218112K, used 30247K [0x00000007b0000000, 0x00000007c0000000, 0x00000007c0000000)
  eden space 177664K, 0% used [0x00000007b0000000,0x00000007b0000000,0x00000007bad80000)
  from space 40448K, 74% used [0x00000007bad80000,0x00000007bcb09c80,0x00000007bd500000)
  to   space 43520K, 0% used [0x00000007bd580000,0x00000007bd580000,0x00000007c0000000)
 ParOldGen       total 72704K, used 67991K [0x0000000790000000, 0x0000000794700000, 0x00000007b0000000)
  object space 72704K, 93% used [0x0000000790000000,0x0000000794265fb8,0x0000000794700000)
 Metaspace       used 58208K, capacity 59824K, committed 60160K, reserved 1101824K
  class space    used 6365K, capacity 6816K, committed 6912K, reserved 1048576K
}
Event: 25.671 GC heap before
{Heap before GC invocations=73 (full 5):
 PSYoungGen      total 218112K, used 207911K [0x00000007b0000000, 0x00000007c0000000, 0x00000007c0000000)
  eden space 177664K, 100% used [0x00000007b0000000,0x00000007bad80000,0x00000007bad80000)
  from space 40448K, 74% used [0x00000007bad80000,0x00000007bcb09c80,0x00000007bd500000)
  to   space 43520K, 0% used [0x00000007bd580000,0x00000007bd580000,0x00000007c0000000)
 ParOldGen       total 72704K, used 67991K [0x0000000790000000, 0x0000000794700000, 0x00000007b0000000)
  object space 72704K, 93% used [0x0000000790000000,0x0000000794265fb8,0x0000000794700000)
 Metaspace       used 59773K, capacity 61408K, committed 61696K, reserved 1103872K
  class space    used 6606K, capacity 7082K, committed 7168K, reserved 1048576K
Event: 25.696 GC heap after
Heap after GC invocations=73 (full 5):
 PSYoungGen      total 209408K, used 37410K [0x00000007b0000000, 0x00000007c0000000, 0x00000007c0000000)
  eden space 165888K, 0% used [0x00000007b0000000,0x00000007b0000000,0x00000007ba200000)
  from space 43520K, 85% used [0x00000007bd580000,0x00000007bfa08ba0,0x00000007c0000000)
  to   space 48128K, 0% used [0x00000007ba200000,0x00000007ba200000,0x00000007bd100000)
 ParOldGen       total 72704K, used 68391K [0x0000000790000000, 0x0000000794700000, 0x00000007b0000000)
  object space 72704K, 94% used [0x0000000790000000,0x00000007942c9fb8,0x0000000794700000)
 Metaspace       used 59773K, capacity 61408K, committed 61696K, reserved 1103872K
  class space    used 6606K, capacity 7082K, committed 7168K, reserved 1048576K
}

