# JRE version: Java(TM) SE Runtime Environment (8.0_05-b13) (build 1.8.0_05-b13)
# Java VM: Java HotSpot(TM) 64-Bit Server VM (25.5-b02 mixed mode bsd-amd64 compressed oops)
Heap:
 PSYoungGen      total 205312K, used 138505K [0x00000007b0000000, 0x00000007c0000000, 0x00000007c0000000)
  eden space 157696K, 63% used [0x00000007b0000000,0x00000007b624c6b0,0x00000007b9a00000)
  from space 47616K, 79% used [0x00000007bd180000,0x00000007bf675f38,0x00000007c0000000)
  to   space 52224K, 0% used [0x00000007b9a00000,0x00000007b9a00000,0x00000007bcd00000)
 ParOldGen       total 87552K, used 76351K [0x0000000790000000, 0x0000000795580000, 0x00000007b0000000)
  object space 87552K, 87% used [0x0000000790000000,0x0000000794a8feb8,0x0000000795580000)
 Metaspace       used 63558K, capacity 65420K, committed 65664K, reserved 1107968K
  class space    used 7259K, capacity 7785K, committed 7808K, reserved 1048576K
GC Heap History (10 events):
Event: 20.343 GC heap before
{Heap before GC invocations=82 (full 5):
 PSYoungGen      total 226304K, used 225128K [0x00000007b0000000, 0x00000007c0000000, 0x00000007c0000000)
  eden space 199680K, 99% used [0x00000007b0000000,0x00000007bc1e07d0,0x00000007bc300000)
  from space 26624K, 99% used [0x00000007be600000,0x00000007bfff99e8,0x00000007c0000000)
  to   space 31232K, 0% used [0x00000007bc300000,0x00000007bc300000,0x00000007be180000)
 ParOldGen       total 75264K, used 66142K [0x0000000790000000, 0x0000000794980000, 0x00000007b0000000)
  object space 75264K, 87% used [0x0000000790000000,0x00000007940978d0,0x0000000794980000)
 Metaspace       used 58992K, capacity 60656K, committed 61184K, reserved 1103872K
  class space    used 6567K, capacity 7047K, committed 7168K, reserved 1048576K
Event: 20.365 GC heap after
Heap after GC invocations=82 (full 5):
 PSYoungGen      total 230912K, used 31227K [0x00000007b0000000, 0x00000007c0000000, 0x00000007c0000000)
  eden space 199680K, 0% used [0x00000007b0000000,0x00000007b0000000,0x00000007bc300000)
  from space 31232K, 99% used [0x00000007bc300000,0x00000007be17eef0,0x00000007be180000)
  to   space 31232K, 0% used [0x00000007be180000,0x00000007be180000,0x00000007c0000000)
 ParOldGen       total 75264K, used 71060K [0x0000000790000000, 0x0000000794980000, 0x00000007b0000000)
  object space 75264K, 94% used [0x0000000790000000,0x00000007945651a0,0x0000000794980000)
 Metaspace       used 58992K, capacity 60656K, committed 61184K, reserved 1103872K
  class space    used 6567K, capacity 7047K, committed 7168K, reserved 1048576K
}
Event: 20.365 GC heap before
{Heap before GC invocations=83 (full 6):
 PSYoungGen      total 230912K, used 31227K [0x00000007b0000000, 0x00000007c0000000, 0x00000007c0000000)
  eden space 199680K, 0% used [0x00000007b0000000,0x00000007b0000000,0x00000007bc300000)
  from space 31232K, 99% used [0x00000007bc300000,0x00000007be17eef0,0x00000007be180000)
  to   space 31232K, 0% used [0x00000007be180000,0x00000007be180000,0x00000007c0000000)
 ParOldGen       total 75264K, used 71060K [0x0000000790000000, 0x0000000794980000, 0x00000007b0000000)
  object space 75264K, 94% used [0x0000000790000000,0x00000007945651a0,0x0000000794980000)
 Metaspace       used 58992K, capacity 60656K, committed 61184K, reserved 1103872K
  class space    used 6567K, capacity 7047K, committed 7168K, reserved 1048576K
Event: 21.102 GC heap after
Heap after GC invocations=83 (full 6):
 PSYoungGen      total 230912K, used 25925K [0x00000007b0000000, 0x00000007c0000000, 0x00000007c0000000)
  eden space 199680K, 0% used [0x00000007b0000000,0x00000007b0000000,0x00000007bc300000)
  from space 31232K, 83% used [0x00000007bc300000,0x00000007bdc51600,0x00000007be180000)
  to   space 31232K, 0% used [0x00000007be180000,0x00000007be180000,0x00000007c0000000)
 ParOldGen       total 87552K, used 75108K [0x0000000790000000, 0x0000000795580000, 0x00000007b0000000)
  object space 87552K, 85% used [0x0000000790000000,0x0000000794959398,0x0000000795580000)
 Metaspace       used 58992K, capacity 60656K, committed 61184K, reserved 1103872K
  class space    used 6567K, capacity 7047K, committed 7168K, reserved 1048576K
}
Event: 21.950 GC heap before
{Heap before GC invocations=84 (full 6):
 PSYoungGen      total 230912K, used 225605K [0x00000007b0000000, 0x00000007c0000000, 0x00000007c0000000)
  eden space 199680K, 100% used [0x00000007b0000000,0x00000007bc300000,0x00000007bc300000)
  from space 31232K, 83% used [0x00000007bc300000,0x00000007bdc51600,0x00000007be180000)
  to   space 31232K, 0% used [0x00000007be180000,0x00000007be180000,0x00000007c0000000)
 ParOldGen       total 87552K, used 75108K [0x0000000790000000, 0x0000000795580000, 0x00000007b0000000)
  object space 87552K, 85% used [0x0000000790000000,0x0000000794959398,0x0000000795580000)
 Metaspace       used 59920K, capacity 61686K, committed 61824K, reserved 1103872K
  class space    used 6728K, capacity 7232K, committed 7296K, reserved 1048576K
Event: 21.975 GC heap after
Heap after GC invocations=84 (full 6):
 PSYoungGen      total 208384K, used 31212K [0x00000007b0000000, 0x00000007c0000000, 0x00000007c0000000)
  eden space 177152K, 0% used [0x00000007b0000000,0x00000007b0000000,0x00000007bad00000)
  from space 31232K, 99% used [0x00000007be180000,0x00000007bfffb1d0,0x00000007c0000000)
  to   space 42496K, 0% used [0x00000007bad00000,0x00000007bad00000,0x00000007bd680000)
 ParOldGen       total 87552K, used 76027K [0x0000000790000000, 0x0000000795580000, 0x00000007b0000000)
  object space 87552K, 86% used [0x0000000790000000,0x0000000794a3eea8,0x0000000795580000)
 Metaspace       used 59920K, capacity 61686K, committed 61824K, reserved 1103872K
  class space    used 6728K, capacity 7232K, committed 7296K, reserved 1048576K
}
Event: 22.922 GC heap before
{Heap before GC invocations=85 (full 6):
 PSYoungGen      total 208384K, used 208364K [0x00000007b0000000, 0x00000007c0000000, 0x00000007c0000000)
  eden space 177152K, 100% used [0x00000007b0000000,0x00000007bad00000,0x00000007bad00000)
  from space 31232K, 99% used [0x00000007be180000,0x00000007bfffb1d0,0x00000007c0000000)
  to   space 42496K, 0% used [0x00000007bad00000,0x00000007bad00000,0x00000007bd680000)
 ParOldGen       total 87552K, used 76027K [0x0000000790000000, 0x0000000795580000, 0x00000007b0000000)
  object space 87552K, 86% used [0x0000000790000000,0x0000000794a3eea8,0x0000000795580000)
 Metaspace       used 61202K, capacity 63042K, committed 63232K, reserved 1105920K
  class space    used 6874K, capacity 7391K, committed 7424K, reserved 1048576K
Event: 22.946 GC heap after
Heap after GC invocations=85 (full 6):
 PSYoungGen      total 214528K, used 37144K [0x00000007b0000000, 0x00000007c0000000, 0x00000007c0000000)
  eden space 177152K, 0% used [0x00000007b0000000,0x00000007b0000000,0x00000007bad00000)
  from space 37376K, 99% used [0x00000007bad00000,0x00000007bd1460c8,0x00000007bd180000)
  to   space 47616K, 0% used [0x00000007bd180000,0x00000007bd180000,0x00000007c0000000)
 ParOldGen       total 87552K, used 76343K [0x0000000790000000, 0x0000000795580000, 0x00000007b0000000)
  object space 87552K, 87% used [0x0000000790000000,0x0000000794a8deb8,0x0000000795580000)
 Metaspace       used 61202K, capacity 63042K, committed 63232K, reserved 1105920K
  class space    used 6874K, capacity 7391K, committed 7424K, reserved 1048576K
}
Event: 23.152 GC heap before
{Heap before GC invocations=86 (full 6):
 PSYoungGen      total 214528K, used 207514K [0x00000007b0000000, 0x00000007c0000000, 0x00000007c0000000)
  eden space 177152K, 96% used [0x00000007b0000000,0x00000007ba6609e0,0x00000007bad00000)
  from space 37376K, 99% used [0x00000007bad00000,0x00000007bd1460c8,0x00000007bd180000)
  to   space 47616K, 0% used [0x00000007bd180000,0x00000007bd180000,0x00000007c0000000)
 ParOldGen       total 87552K, used 76343K [0x0000000790000000, 0x0000000795580000, 0x00000007b0000000)
  object space 87552K, 87% used [0x0000000790000000,0x0000000794a8deb8,0x0000000795580000)
 Metaspace       used 62613K, capacity 64450K, committed 64512K, reserved 1105920K
  class space    used 7136K, capacity 7647K, committed 7680K, reserved 1048576K
Event: 23.173 GC heap after
Heap after GC invocations=86 (full 6):
 PSYoungGen      total 205312K, used 37847K [0x00000007b0000000, 0x00000007c0000000, 0x00000007c0000000)
  eden space 157696K, 0% used [0x00000007b0000000,0x00000007b0000000,0x00000007b9a00000)
  from space 47616K, 79% used [0x00000007bd180000,0x00000007bf675f38,0x00000007c0000000)
  to   space 52224K, 0% used [0x00000007b9a00000,0x00000007b9a00000,0x00000007bcd00000)
 ParOldGen       total 87552K, used 76351K [0x0000000790000000, 0x0000000795580000, 0x00000007b0000000)
  object space 87552K, 87% used [0x0000000790000000,0x0000000794a8feb8,0x0000000795580000)
 Metaspace       used 62613K, capacity 64450K, committed 64512K, reserved 1105920K
  class space    used 7136K, capacity 7647K, committed 7680K, reserved 1048576K
}

