# JRE version: Java(TM) SE Runtime Environment (8.0_05-b13) (build 1.8.0_05-b13)
# Java VM: Java HotSpot(TM) 64-Bit Server VM (25.5-b02 mixed mode bsd-amd64 compressed oops)
Heap:
 PSYoungGen      total 210432K, used 135614K [0x00000007b0000000, 0x00000007c0000000, 0x00000007c0000000)
  eden space 166912K, 59% used [0x00000007b0000000,0x00000007b61aac68,0x00000007ba300000)
  from space 43520K, 81% used [0x00000007bd580000,0x00000007bf844c08,0x00000007c0000000)
  to   space 47616K, 0% used [0x00000007ba300000,0x00000007ba300000,0x00000007bd180000)
 ParOldGen       total 76800K, used 68816K [0x0000000790000000, 0x0000000794b00000, 0x00000007b0000000)
  object space 76800K, 89% used [0x0000000790000000,0x00000007943343e0,0x0000000794b00000)
 Metaspace       used 60182K, capacity 61866K, committed 62072K, reserved 1103872K
  class space    used 6696K, capacity 7190K, committed 7296K, reserved 1048576K
GC Heap History (10 events):
Event: 15.085 GC heap before
{Heap before GC invocations=78 (full 6):
 PSYoungGen      total 211968K, used 170833K [0x00000007b0000000, 0x00000007bfd80000, 0x00000007c0000000)
  eden space 162816K, 100% used [0x00000007b0000000,0x00000007b9f00000,0x00000007b9f00000)
  from space 49152K, 16% used [0x00000007b9f00000,0x00000007ba6d4600,0x00000007bcf00000)
  to   space 47616K, 0% used [0x00000007bcf00000,0x00000007bcf00000,0x00000007bfd80000)
 ParOldGen       total 76800K, used 68264K [0x0000000790000000, 0x0000000794b00000, 0x00000007b0000000)
  object space 76800K, 88% used [0x0000000790000000,0x00000007942aa3e0,0x0000000794b00000)
 Metaspace       used 54857K, capacity 56410K, committed 56696K, reserved 1099776K
  class space    used 6021K, capacity 6504K, committed 6528K, reserved 1048576K
Event: 15.093 GC heap after
Heap after GC invocations=78 (full 6):
 PSYoungGen      total 210944K, used 9312K [0x00000007b0000000, 0x00000007bfb80000, 0x00000007c0000000)
  eden space 165376K, 0% used [0x00000007b0000000,0x00000007b0000000,0x00000007ba180000)
  from space 45568K, 20% used [0x00000007bcf00000,0x00000007bd818010,0x00000007bfb80000)
  to   space 46080K, 0% used [0x00000007ba180000,0x00000007ba180000,0x00000007bce80000)
 ParOldGen       total 76800K, used 68272K [0x0000000790000000, 0x0000000794b00000, 0x00000007b0000000)
  object space 76800K, 88% used [0x0000000790000000,0x00000007942ac3e0,0x0000000794b00000)
 Metaspace       used 54857K, capacity 56410K, committed 56696K, reserved 1099776K
  class space    used 6021K, capacity 6504K, committed 6528K, reserved 1048576K
}
Event: 15.717 GC heap before
{Heap before GC invocations=79 (full 6):
 PSYoungGen      total 210944K, used 174688K [0x00000007b0000000, 0x00000007bfb80000, 0x00000007c0000000)
  eden space 165376K, 100% used [0x00000007b0000000,0x00000007ba180000,0x00000007ba180000)
  from space 45568K, 20% used [0x00000007bcf00000,0x00000007bd818010,0x00000007bfb80000)
  to   space 46080K, 0% used [0x00000007ba180000,0x00000007ba180000,0x00000007bce80000)
 ParOldGen       total 76800K, used 68272K [0x0000000790000000, 0x0000000794b00000, 0x00000007b0000000)
  object space 76800K, 88% used [0x0000000790000000,0x00000007942ac3e0,0x0000000794b00000)
 Metaspace       used 55680K, capacity 57244K, committed 57592K, reserved 1099776K
  class space    used 6110K, capacity 6580K, committed 6656K, reserved 1048576K
Event: 15.728 GC heap after
Heap after GC invocations=79 (full 6):
 PSYoungGen      total 211456K, used 15002K [0x00000007b0000000, 0x00000007bfa80000, 0x00000007c0000000)
  eden space 165376K, 0% used [0x00000007b0000000,0x00000007b0000000,0x00000007ba180000)
  from space 46080K, 32% used [0x00000007ba180000,0x00000007bb026af0,0x00000007bce80000)
  to   space 43008K, 0% used [0x00000007bd080000,0x00000007bd080000,0x00000007bfa80000)
 ParOldGen       total 76800K, used 68272K [0x0000000790000000, 0x0000000794b00000, 0x00000007b0000000)
  object space 76800K, 88% used [0x0000000790000000,0x00000007942ac3e0,0x0000000794b00000)
 Metaspace       used 55680K, capacity 57244K, committed 57592K, reserved 1099776K
  class space    used 6110K, capacity 6580K, committed 6656K, reserved 1048576K
}
Event: 16.250 GC heap before
{Heap before GC invocations=80 (full 6):
 PSYoungGen      total 211456K, used 178882K [0x00000007b0000000, 0x00000007bfa80000, 0x00000007c0000000)
  eden space 165376K, 99% used [0x00000007b0000000,0x00000007ba009e30,0x00000007ba180000)
  from space 46080K, 32% used [0x00000007ba180000,0x00000007bb026af0,0x00000007bce80000)
  to   space 43008K, 0% used [0x00000007bd080000,0x00000007bd080000,0x00000007bfa80000)
 ParOldGen       total 76800K, used 68272K [0x0000000790000000, 0x0000000794b00000, 0x00000007b0000000)
  object space 76800K, 88% used [0x0000000790000000,0x00000007942ac3e0,0x0000000794b00000)
 Metaspace       used 56493K, capacity 58038K, committed 58232K, reserved 1101824K
  class space    used 6225K, capacity 6715K, committed 6784K, reserved 1048576K
Event: 16.265 GC heap after
Heap after GC invocations=80 (full 6):
 PSYoungGen      total 214528K, used 19882K [0x00000007b0000000, 0x00000007bfb00000, 0x00000007c0000000)
  eden space 171520K, 0% used [0x00000007b0000000,0x00000007b0000000,0x00000007ba780000)
  from space 43008K, 46% used [0x00000007bd080000,0x00000007be3eaac0,0x00000007bfa80000)
  to   space 41984K, 0% used [0x00000007ba780000,0x00000007ba780000,0x00000007bd080000)
 ParOldGen       total 76800K, used 68272K [0x0000000790000000, 0x0000000794b00000, 0x00000007b0000000)
  object space 76800K, 88% used [0x0000000790000000,0x00000007942ac3e0,0x0000000794b00000)
 Metaspace       used 56493K, capacity 58038K, committed 58232K, reserved 1101824K
  class space    used 6225K, capacity 6715K, committed 6784K, reserved 1048576K
}
Event: 17.089 GC heap before
{Heap before GC invocations=81 (full 6):
 PSYoungGen      total 214528K, used 191402K [0x00000007b0000000, 0x00000007bfb00000, 0x00000007c0000000)
  eden space 171520K, 100% used [0x00000007b0000000,0x00000007ba780000,0x00000007ba780000)
  from space 43008K, 46% used [0x00000007bd080000,0x00000007be3eaac0,0x00000007bfa80000)
  to   space 41984K, 0% used [0x00000007ba780000,0x00000007ba780000,0x00000007bd080000)
 ParOldGen       total 76800K, used 68272K [0x0000000790000000, 0x0000000794b00000, 0x00000007b0000000)
  object space 76800K, 88% used [0x0000000790000000,0x00000007942ac3e0,0x0000000794b00000)
 Metaspace       used 57855K, capacity 59490K, committed 59896K, reserved 1101824K
  class space    used 6340K, capacity 6814K, committed 6912K, reserved 1048576K
Event: 17.106 GC heap after
Heap after GC invocations=81 (full 6):
 PSYoungGen      total 213504K, used 27532K [0x00000007b0000000, 0x00000007c0000000, 0x00000007c0000000)
  eden space 171520K, 0% used [0x00000007b0000000,0x00000007b0000000,0x00000007ba780000)
  from space 41984K, 65% used [0x00000007ba780000,0x00000007bc2631f8,0x00000007bd080000)
  to   space 43520K, 0% used [0x00000007bd580000,0x00000007bd580000,0x00000007c0000000)
 ParOldGen       total 76800K, used 68544K [0x0000000790000000, 0x0000000794b00000, 0x00000007b0000000)
  object space 76800K, 89% used [0x0000000790000000,0x00000007942f03e0,0x0000000794b00000)
 Metaspace       used 57855K, capacity 59490K, committed 59896K, reserved 1101824K
  class space    used 6340K, capacity 6814K, committed 6912K, reserved 1048576K
}
Event: 17.905 GC heap before
{Heap before GC invocations=82 (full 6):
 PSYoungGen      total 213504K, used 199052K [0x00000007b0000000, 0x00000007c0000000, 0x00000007c0000000)
  eden space 171520K, 100% used [0x00000007b0000000,0x00000007ba780000,0x00000007ba780000)
  from space 41984K, 65% used [0x00000007ba780000,0x00000007bc2631f8,0x00000007bd080000)
  to   space 43520K, 0% used [0x00000007bd580000,0x00000007bd580000,0x00000007c0000000)
 ParOldGen       total 76800K, used 68544K [0x0000000790000000, 0x0000000794b00000, 0x00000007b0000000)
  object space 76800K, 89% used [0x0000000790000000,0x00000007942f03e0,0x0000000794b00000)
 Metaspace       used 59586K, capacity 61266K, committed 61688K, reserved 1103872K
  class space    used 6586K, capacity 7080K, committed 7168K, reserved 1048576K
Event: 17.932 GC heap after
Heap after GC invocations=82 (full 6):
 PSYoungGen      total 210432K, used 35603K [0x00000007b0000000, 0x00000007c0000000, 0x00000007c0000000)
  eden space 166912K, 0% used [0x00000007b0000000,0x00000007b0000000,0x00000007ba300000)
  from space 43520K, 81% used [0x00000007bd580000,0x00000007bf844c08,0x00000007c0000000)
  to   space 47616K, 0% used [0x00000007ba300000,0x00000007ba300000,0x00000007bd180000)
 ParOldGen       total 76800K, used 68816K [0x0000000790000000, 0x0000000794b00000, 0x00000007b0000000)
  object space 76800K, 89% used [0x0000000790000000,0x00000007943343e0,0x0000000794b00000)
 Metaspace       used 59586K, capacity 61266K, committed 61688K, reserved 1103872K
  class space    used 6586K, capacity 7080K, committed 7168K, reserved 1048576K
}

