# JRE version: Java(TM) SE Runtime Environment (8.0_05-b13) (build 1.8.0_05-b13)
# Java VM: Java HotSpot(TM) 64-Bit Server VM (25.5-b02 mixed mode bsd-amd64 compressed oops)
Heap:
 PSYoungGen      total 208384K, used 125629K [0x00000007b0000000, 0x00000007c0000000, 0x00000007c0000000)
  eden space 172032K, 55% used [0x00000007b0000000,0x00000007b5cf14e0,0x00000007ba800000)
  from space 36352K, 83% used [0x00000007bdc80000,0x00000007bfa3df70,0x00000007c0000000)
  to   space 45056K, 0% used [0x00000007ba800000,0x00000007ba800000,0x00000007bd400000)
 ParOldGen       total 86528K, used 74935K [0x0000000790000000, 0x0000000795480000, 0x00000007b0000000)
  object space 86528K, 86% used [0x0000000790000000,0x000000079492df20,0x0000000795480000)
 Metaspace       used 60591K, capacity 62314K, committed 62592K, reserved 1103872K
  class space    used 6758K, capacity 7253K, committed 7296K, reserved 1048576K
GC Heap History (10 events):
Event: 15.554 GC heap before
{Heap before GC invocations=61 (full 4):
 PSYoungGen      total 223232K, used 201723K [0x00000007b0000000, 0x00000007bfa80000, 0x00000007c0000000)
  eden space 190976K, 100% used [0x00000007b0000000,0x00000007bba80000,0x00000007bba80000)
  from space 32256K, 33% used [0x00000007bdb00000,0x00000007be57eee8,0x00000007bfa80000)
  to   space 32768K, 0% used [0x00000007bba80000,0x00000007bba80000,0x00000007bda80000)
 ParOldGen       total 75264K, used 67001K [0x0000000790000000, 0x0000000794980000, 0x00000007b0000000)
  object space 75264K, 89% used [0x0000000790000000,0x000000079416e4f0,0x0000000794980000)
 Metaspace       used 55619K, capacity 57192K, committed 57600K, reserved 1099776K
  class space    used 6102K, capacity 6580K, committed 6656K, reserved 1048576K
Event: 15.563 GC heap after
Heap after GC invocations=61 (full 4):
 PSYoungGen      total 223744K, used 15791K [0x00000007b0000000, 0x00000007bff80000, 0x00000007c0000000)
  eden space 190976K, 0% used [0x00000007b0000000,0x00000007b0000000,0x00000007bba80000)
  from space 32768K, 48% used [0x00000007bba80000,0x00000007bc9ebf10,0x00000007bda80000)
  to   space 32256K, 0% used [0x00000007be000000,0x00000007be000000,0x00000007bff80000)
 ParOldGen       total 75264K, used 67009K [0x0000000790000000, 0x0000000794980000, 0x00000007b0000000)
  object space 75264K, 89% used [0x0000000790000000,0x00000007941704f0,0x0000000794980000)
 Metaspace       used 55619K, capacity 57192K, committed 57600K, reserved 1099776K
  class space    used 6102K, capacity 6580K, committed 6656K, reserved 1048576K
}
Event: 16.171 GC heap before
{Heap before GC invocations=62 (full 4):
 PSYoungGen      total 223744K, used 206767K [0x00000007b0000000, 0x00000007bff80000, 0x00000007c0000000)
  eden space 190976K, 100% used [0x00000007b0000000,0x00000007bba80000,0x00000007bba80000)
  from space 32768K, 48% used [0x00000007bba80000,0x00000007bc9ebf10,0x00000007bda80000)
  to   space 32256K, 0% used [0x00000007be000000,0x00000007be000000,0x00000007bff80000)
 ParOldGen       total 75264K, used 67009K [0x0000000790000000, 0x0000000794980000, 0x00000007b0000000)
  object space 75264K, 89% used [0x0000000790000000,0x00000007941704f0,0x0000000794980000)
 Metaspace       used 56549K, capacity 58120K, committed 58496K, reserved 1101824K
  class space    used 6230K, capacity 6717K, committed 6784K, reserved 1048576K
Event: 16.185 GC heap after
Heap after GC invocations=62 (full 4):
 PSYoungGen      total 226816K, used 21416K [0x00000007b0000000, 0x00000007c0000000, 0x00000007c0000000)
  eden space 194560K, 0% used [0x00000007b0000000,0x00000007b0000000,0x00000007bbe00000)
  from space 32256K, 66% used [0x00000007be000000,0x00000007bf4ea108,0x00000007bff80000)
  to   space 33792K, 0% used [0x00000007bbe00000,0x00000007bbe00000,0x00000007bdf00000)
 ParOldGen       total 75264K, used 67017K [0x0000000790000000, 0x0000000794980000, 0x00000007b0000000)
  object space 75264K, 89% used [0x0000000790000000,0x00000007941724f0,0x0000000794980000)
 Metaspace       used 56549K, capacity 58120K, committed 58496K, reserved 1101824K
  class space    used 6230K, capacity 6717K, committed 6784K, reserved 1048576K
}
Event: 17.214 GC heap before
{Heap before GC invocations=63 (full 4):
 PSYoungGen      total 226816K, used 215976K [0x00000007b0000000, 0x00000007c0000000, 0x00000007c0000000)
  eden space 194560K, 100% used [0x00000007b0000000,0x00000007bbe00000,0x00000007bbe00000)
  from space 32256K, 66% used [0x00000007be000000,0x00000007bf4ea108,0x00000007bff80000)
  to   space 33792K, 0% used [0x00000007bbe00000,0x00000007bbe00000,0x00000007bdf00000)
 ParOldGen       total 75264K, used 67017K [0x0000000790000000, 0x0000000794980000, 0x00000007b0000000)
  object space 75264K, 89% used [0x0000000790000000,0x00000007941724f0,0x0000000794980000)
 Metaspace       used 58129K, capacity 59694K, committed 59904K, reserved 1101824K
  class space    used 6356K, capacity 6814K, committed 6912K, reserved 1048576K
Event: 17.230 GC heap after
Heap after GC invocations=63 (full 4):
 PSYoungGen      total 225792K, used 30774K [0x00000007b0000000, 0x00000007c0000000, 0x00000007c0000000)
  eden space 194560K, 0% used [0x00000007b0000000,0x00000007b0000000,0x00000007bbe00000)
  from space 31232K, 98% used [0x00000007bbe00000,0x00000007bdc0dbe0,0x00000007bdc80000)
  to   space 36352K, 0% used [0x00000007bdc80000,0x00000007bdc80000,0x00000007c0000000)
 ParOldGen       total 75264K, used 67025K [0x0000000790000000, 0x0000000794980000, 0x00000007b0000000)
  object space 75264K, 89% used [0x0000000790000000,0x00000007941744f0,0x0000000794980000)
 Metaspace       used 58129K, capacity 59694K, committed 59904K, reserved 1101824K
  class space    used 6356K, capacity 6814K, committed 6912K, reserved 1048576K
}
Event: 18.074 GC heap before
{Heap before GC invocations=64 (full 4):
 PSYoungGen      total 225792K, used 225334K [0x00000007b0000000, 0x00000007c0000000, 0x00000007c0000000)
  eden space 194560K, 100% used [0x00000007b0000000,0x00000007bbe00000,0x00000007bbe00000)
  from space 31232K, 98% used [0x00000007bbe00000,0x00000007bdc0dbe0,0x00000007bdc80000)
  to   space 36352K, 0% used [0x00000007bdc80000,0x00000007bdc80000,0x00000007c0000000)
 ParOldGen       total 75264K, used 67025K [0x0000000790000000, 0x0000000794980000, 0x00000007b0000000)
  object space 75264K, 89% used [0x0000000790000000,0x00000007941744f0,0x0000000794980000)
 Metaspace       used 59944K, capacity 61596K, committed 61952K, reserved 1103872K
  class space    used 6661K, capacity 7143K, committed 7168K, reserved 1048576K
Event: 18.102 GC heap after
Heap after GC invocations=64 (full 4):
 PSYoungGen      total 208384K, used 36322K [0x00000007b0000000, 0x00000007c0000000, 0x00000007c0000000)
  eden space 172032K, 0% used [0x00000007b0000000,0x00000007b0000000,0x00000007ba800000)
  from space 36352K, 99% used [0x00000007bdc80000,0x00000007bfff8bc0,0x00000007c0000000)
  to   space 45056K, 0% used [0x00000007ba800000,0x00000007ba800000,0x00000007bd400000)
 ParOldGen       total 75264K, used 69727K [0x0000000790000000, 0x0000000794980000, 0x00000007b0000000)
  object space 75264K, 92% used [0x0000000790000000,0x0000000794417d18,0x0000000794980000)
 Metaspace       used 59944K, capacity 61596K, committed 61952K, reserved 1103872K
  class space    used 6661K, capacity 7143K, committed 7168K, reserved 1048576K
}
Event: 18.102 GC heap before
{Heap before GC invocations=65 (full 5):
 PSYoungGen      total 208384K, used 36322K [0x00000007b0000000, 0x00000007c0000000, 0x00000007c0000000)
  eden space 172032K, 0% used [0x00000007b0000000,0x00000007b0000000,0x00000007ba800000)
  from space 36352K, 99% used [0x00000007bdc80000,0x00000007bfff8bc0,0x00000007c0000000)
  to   space 45056K, 0% used [0x00000007ba800000,0x00000007ba800000,0x00000007bd400000)
 ParOldGen       total 75264K, used 69727K [0x0000000790000000, 0x0000000794980000, 0x00000007b0000000)
  object space 75264K, 92% used [0x0000000790000000,0x0000000794417d18,0x0000000794980000)
 Metaspace       used 59944K, capacity 61596K, committed 61952K, reserved 1103872K
  class space    used 6661K, capacity 7143K, committed 7168K, reserved 1048576K
Event: 18.985 GC heap after
Heap after GC invocations=65 (full 5):
 PSYoungGen      total 208384K, used 30455K [0x00000007b0000000, 0x00000007c0000000, 0x00000007c0000000)
  eden space 172032K, 0% used [0x00000007b0000000,0x00000007b0000000,0x00000007ba800000)
  from space 36352K, 83% used [0x00000007bdc80000,0x00000007bfa3df70,0x00000007c0000000)
  to   space 45056K, 0% used [0x00000007ba800000,0x00000007ba800000,0x00000007bd400000)
 ParOldGen       total 86528K, used 74935K [0x0000000790000000, 0x0000000795480000, 0x00000007b0000000)
  object space 86528K, 86% used [0x0000000790000000,0x000000079492df20,0x0000000795480000)
 Metaspace       used 59944K, capacity 61596K, committed 61952K, reserved 1103872K
  class space    used 6661K, capacity 7143K, committed 7168K, reserved 1048576K
}

