# JRE version: Java(TM) SE Runtime Environment (8.0_05-b13) (build 1.8.0_05-b13)
# Java VM: Java HotSpot(TM) 64-Bit Server VM (25.5-b02 mixed mode bsd-amd64 compressed oops)
Heap:
 PSYoungGen      total 208896K, used 103178K [0x00000007b0000000, 0x00000007c0000000, 0x00000007c0000000)
  eden space 163840K, 41% used [0x00000007b0000000,0x00000007b41ba090,0x00000007ba000000)
  from space 45056K, 79% used [0x00000007bd400000,0x00000007bf708938,0x00000007c0000000)
  to   space 49152K, 0% used [0x00000007ba000000,0x00000007ba000000,0x00000007bd000000)
 ParOldGen       total 73728K, used 68525K [0x0000000790000000, 0x0000000794800000, 0x00000007b0000000)
  object space 73728K, 92% used [0x0000000790000000,0x00000007942eb6a8,0x0000000794800000)
 Metaspace       used 59805K, capacity 61486K, committed 61648K, reserved 1103872K
  class space    used 6663K, capacity 7149K, committed 7168K, reserved 1048576K
GC Heap History (10 events):
Event: 21.865 GC heap before
{Heap before GC invocations=71 (full 5):
 PSYoungGen      total 205312K, used 162705K [0x00000007b0000000, 0x00000007bfb80000, 0x00000007c0000000)
  eden space 153088K, 100% used [0x00000007b0000000,0x00000007b9580000,0x00000007b9580000)
  from space 52224K, 18% used [0x00000007b9580000,0x00000007b9ee4460,0x00000007bc880000)
  to   space 50176K, 0% used [0x00000007bca80000,0x00000007bca80000,0x00000007bfb80000)
 ParOldGen       total 73728K, used 66501K [0x0000000790000000, 0x0000000794800000, 0x00000007b0000000)
  object space 73728K, 90% used [0x0000000790000000,0x00000007940f16a8,0x0000000794800000)
 Metaspace       used 54927K, capacity 56412K, committed 56656K, reserved 1099776K
  class space    used 6057K, capacity 6506K, committed 6528K, reserved 1048576K
Event: 21.873 GC heap after
Heap after GC invocations=71 (full 5):
 PSYoungGen      total 207360K, used 10902K [0x00000007b0000000, 0x00000007bf900000, 0x00000007c0000000)
  eden space 159744K, 0% used [0x00000007b0000000,0x00000007b0000000,0x00000007b9c00000)
  from space 47616K, 22% used [0x00000007bca80000,0x00000007bd5259f0,0x00000007bf900000)
  to   space 47616K, 0% used [0x00000007b9c00000,0x00000007b9c00000,0x00000007bca80000)
 ParOldGen       total 73728K, used 66981K [0x0000000790000000, 0x0000000794800000, 0x00000007b0000000)
  object space 73728K, 90% used [0x0000000790000000,0x00000007941696a8,0x0000000794800000)
 Metaspace       used 54927K, capacity 56412K, committed 56656K, reserved 1099776K
  class space    used 6057K, capacity 6506K, committed 6528K, reserved 1048576K
}
Event: 22.526 GC heap before
{Heap before GC invocations=72 (full 5):
 PSYoungGen      total 207360K, used 170646K [0x00000007b0000000, 0x00000007bf900000, 0x00000007c0000000)
  eden space 159744K, 100% used [0x00000007b0000000,0x00000007b9c00000,0x00000007b9c00000)
  from space 47616K, 22% used [0x00000007bca80000,0x00000007bd5259f0,0x00000007bf900000)
  to   space 47616K, 0% used [0x00000007b9c00000,0x00000007b9c00000,0x00000007bca80000)
 ParOldGen       total 73728K, used 66981K [0x0000000790000000, 0x0000000794800000, 0x00000007b0000000)
  object space 73728K, 90% used [0x0000000790000000,0x00000007941696a8,0x0000000794800000)
 Metaspace       used 55611K, capacity 57118K, committed 57552K, reserved 1099776K
  class space    used 6132K, capacity 6582K, committed 6656K, reserved 1048576K
Event: 22.535 GC heap after
Heap after GC invocations=72 (full 5):
 PSYoungGen      total 207360K, used 16082K [0x00000007b0000000, 0x00000007bfa00000, 0x00000007c0000000)
  eden space 159744K, 0% used [0x00000007b0000000,0x00000007b0000000,0x00000007b9c00000)
  from space 47616K, 33% used [0x00000007b9c00000,0x00000007babb4a30,0x00000007bca80000)
  to   space 44544K, 0% used [0x00000007bce80000,0x00000007bce80000,0x00000007bfa00000)
 ParOldGen       total 73728K, used 67669K [0x0000000790000000, 0x0000000794800000, 0x00000007b0000000)
  object space 73728K, 91% used [0x0000000790000000,0x00000007942156a8,0x0000000794800000)
 Metaspace       used 55611K, capacity 57118K, committed 57552K, reserved 1099776K
  class space    used 6132K, capacity 6582K, committed 6656K, reserved 1048576K
}
Event: 23.058 GC heap before
{Heap before GC invocations=73 (full 5):
 PSYoungGen      total 207360K, used 175826K [0x00000007b0000000, 0x00000007bfa00000, 0x00000007c0000000)
  eden space 159744K, 100% used [0x00000007b0000000,0x00000007b9c00000,0x00000007b9c00000)
  from space 47616K, 33% used [0x00000007b9c00000,0x00000007babb4a30,0x00000007bca80000)
  to   space 44544K, 0% used [0x00000007bce80000,0x00000007bce80000,0x00000007bfa00000)
 ParOldGen       total 73728K, used 67669K [0x0000000790000000, 0x0000000794800000, 0x00000007b0000000)
  object space 73728K, 91% used [0x0000000790000000,0x00000007942156a8,0x0000000794800000)
 Metaspace       used 56412K, capacity 57988K, committed 58192K, reserved 1101824K
  class space    used 6246K, capacity 6720K, committed 6784K, reserved 1048576K
Event: 23.068 GC heap after
Heap after GC invocations=73 (full 5):
 PSYoungGen      total 211456K, used 19980K [0x00000007b0000000, 0x00000007bf880000, 0x00000007c0000000)
  eden space 168448K, 0% used [0x00000007b0000000,0x00000007b0000000,0x00000007ba480000)
  from space 43008K, 46% used [0x00000007bce80000,0x00000007be203108,0x00000007bf880000)
  to   space 43008K, 0% used [0x00000007ba480000,0x00000007ba480000,0x00000007bce80000)
 ParOldGen       total 73728K, used 68053K [0x0000000790000000, 0x0000000794800000, 0x00000007b0000000)
  object space 73728K, 92% used [0x0000000790000000,0x00000007942756a8,0x0000000794800000)
 Metaspace       used 56412K, capacity 57988K, committed 58192K, reserved 1101824K
  class space    used 6246K, capacity 6720K, committed 6784K, reserved 1048576K
}
Event: 23.943 GC heap before
{Heap before GC invocations=74 (full 5):
 PSYoungGen      total 211456K, used 188428K [0x00000007b0000000, 0x00000007bf880000, 0x00000007c0000000)
  eden space 168448K, 100% used [0x00000007b0000000,0x00000007ba480000,0x00000007ba480000)
  from space 43008K, 46% used [0x00000007bce80000,0x00000007be203108,0x00000007bf880000)
  to   space 43008K, 0% used [0x00000007ba480000,0x00000007ba480000,0x00000007bce80000)
 ParOldGen       total 73728K, used 68053K [0x0000000790000000, 0x0000000794800000, 0x00000007b0000000)
  object space 73728K, 92% used [0x0000000790000000,0x00000007942756a8,0x0000000794800000)
 Metaspace       used 57928K, capacity 59492K, committed 59856K, reserved 1101824K
  class space    used 6363K, capacity 6816K, committed 6912K, reserved 1048576K
Event: 23.958 GC heap after
Heap after GC invocations=74 (full 5):
 PSYoungGen      total 211456K, used 28829K [0x00000007b0000000, 0x00000007c0000000, 0x00000007c0000000)
  eden space 168448K, 0% used [0x00000007b0000000,0x00000007b0000000,0x00000007ba480000)
  from space 43008K, 67% used [0x00000007ba480000,0x00000007bc0a74a8,0x00000007bce80000)
  to   space 45056K, 0% used [0x00000007bd400000,0x00000007bd400000,0x00000007c0000000)
 ParOldGen       total 73728K, used 68109K [0x0000000790000000, 0x0000000794800000, 0x00000007b0000000)
  object space 73728K, 92% used [0x0000000790000000,0x00000007942836a8,0x0000000794800000)
 Metaspace       used 57928K, capacity 59492K, committed 59856K, reserved 1101824K
  class space    used 6363K, capacity 6816K, committed 6912K, reserved 1048576K
}
Event: 24.906 GC heap before
{Heap before GC invocations=75 (full 5):
 PSYoungGen      total 211456K, used 197277K [0x00000007b0000000, 0x00000007c0000000, 0x00000007c0000000)
  eden space 168448K, 100% used [0x00000007b0000000,0x00000007ba480000,0x00000007ba480000)
  from space 43008K, 67% used [0x00000007ba480000,0x00000007bc0a74a8,0x00000007bce80000)
  to   space 45056K, 0% used [0x00000007bd400000,0x00000007bd400000,0x00000007c0000000)
 ParOldGen       total 73728K, used 68109K [0x0000000790000000, 0x0000000794800000, 0x00000007b0000000)
  object space 73728K, 92% used [0x0000000790000000,0x00000007942836a8,0x0000000794800000)
 Metaspace       used 59485K, capacity 61140K, committed 61648K, reserved 1103872K
  class space    used 6604K, capacity 7082K, committed 7168K, reserved 1048576K
Event: 24.928 GC heap after
Heap after GC invocations=75 (full 5):
 PSYoungGen      total 208896K, used 35874K [0x00000007b0000000, 0x00000007c0000000, 0x00000007c0000000)
  eden space 163840K, 0% used [0x00000007b0000000,0x00000007b0000000,0x00000007ba000000)
  from space 45056K, 79% used [0x00000007bd400000,0x00000007bf708938,0x00000007c0000000)
  to   space 49152K, 0% used [0x00000007ba000000,0x00000007ba000000,0x00000007bd000000)
 ParOldGen       total 73728K, used 68525K [0x0000000790000000, 0x0000000794800000, 0x00000007b0000000)
  object space 73728K, 92% used [0x0000000790000000,0x00000007942eb6a8,0x0000000794800000)
 Metaspace       used 59485K, capacity 61140K, committed 61648K, reserved 1103872K
  class space    used 6604K, capacity 7082K, committed 7168K, reserved 1048576K
}

