# JRE version: Java(TM) SE Runtime Environment (8.0_05-b13) (build 1.8.0_05-b13)
# Java VM: Java HotSpot(TM) 64-Bit Server VM (25.5-b02 mixed mode bsd-amd64 compressed oops)
Heap:
 PSYoungGen      total 181760K, used 41471K [0x00000007b0000000, 0x00000007be480000, 0x00000007c0000000)
  eden space 149504K, 10% used [0x00000007b0000000,0x00000007b0eb34d8,0x00000007b9200000)
  from space 32256K, 81% used [0x00000007bb780000,0x00000007bd14c858,0x00000007bd700000)
  to   space 38400K, 0% used [0x00000007b9200000,0x00000007b9200000,0x00000007bb780000)
 ParOldGen       total 89600K, used 76132K [0x0000000790000000, 0x0000000795780000, 0x00000007b0000000)
  object space 89600K, 84% used [0x0000000790000000,0x0000000794a59298,0x0000000795780000)
 Metaspace       used 59711K, capacity 61432K, committed 61696K, reserved 1103872K
  class space    used 6645K, capacity 7147K, committed 7168K, reserved 1048576K
GC Heap History (10 events):
Event: 42.797 GC heap before
{Heap before GC invocations=48 (full 3):
 PSYoungGen      total 154112K, used 146231K [0x00000007b0000000, 0x00000007bac80000, 0x00000007c0000000)
  eden space 132608K, 100% used [0x00000007b0000000,0x00000007b8180000,0x00000007b8180000)
  from space 21504K, 63% used [0x00000007b9680000,0x00000007ba3cde50,0x00000007bab80000)
  to   space 21504K, 0% used [0x00000007b8180000,0x00000007b8180000,0x00000007b9680000)
 ParOldGen       total 76288K, used 63974K [0x0000000790000000, 0x0000000794a80000, 0x00000007b0000000)
  object space 76288K, 83% used [0x0000000790000000,0x0000000793e799f8,0x0000000794a80000)
 Metaspace       used 55795K, capacity 57358K, committed 57600K, reserved 1099776K
  class space    used 6161K, capacity 6614K, committed 6656K, reserved 1048576K
Event: 42.809 GC heap after
Heap after GC invocations=48 (full 3):
 PSYoungGen      total 154112K, used 17968K [0x00000007b0000000, 0x00000007bba80000, 0x00000007c0000000)
  eden space 132608K, 0% used [0x00000007b0000000,0x00000007b0000000,0x00000007b8180000)
  from space 21504K, 83% used [0x00000007b8180000,0x00000007b930c010,0x00000007b9680000)
  to   space 23552K, 0% used [0x00000007ba380000,0x00000007ba380000,0x00000007bba80000)
 ParOldGen       total 76288K, used 63982K [0x0000000790000000, 0x0000000794a80000, 0x00000007b0000000)
  object space 76288K, 83% used [0x0000000790000000,0x0000000793e7b9f8,0x0000000794a80000)
 Metaspace       used 55795K, capacity 57358K, committed 57600K, reserved 1099776K
  class space    used 6161K, capacity 6614K, committed 6656K, reserved 1048576K
}
Event: 43.761 GC heap before
{Heap before GC invocations=49 (full 3):
 PSYoungGen      total 154112K, used 150576K [0x00000007b0000000, 0x00000007bba80000, 0x00000007c0000000)
  eden space 132608K, 100% used [0x00000007b0000000,0x00000007b8180000,0x00000007b8180000)
  from space 21504K, 83% used [0x00000007b8180000,0x00000007b930c010,0x00000007b9680000)
  to   space 23552K, 0% used [0x00000007ba380000,0x00000007ba380000,0x00000007bba80000)
 ParOldGen       total 76288K, used 63982K [0x0000000790000000, 0x0000000794a80000, 0x00000007b0000000)
  object space 76288K, 83% used [0x0000000790000000,0x0000000793e7b9f8,0x0000000794a80000)
 Metaspace       used 56689K, capacity 58260K, committed 58496K, reserved 1101824K
  class space    used 6268K, capacity 6720K, committed 6784K, reserved 1048576K
Event: 43.788 GC heap after
Heap after GC invocations=49 (full 3):
 PSYoungGen      total 164352K, used 23176K [0x00000007b0000000, 0x00000007bc300000, 0x00000007c0000000)
  eden space 140800K, 0% used [0x00000007b0000000,0x00000007b0000000,0x00000007b8980000)
  from space 23552K, 98% used [0x00000007ba380000,0x00000007bba22398,0x00000007bba80000)
  to   space 26624K, 0% used [0x00000007b8980000,0x00000007b8980000,0x00000007ba380000)
 ParOldGen       total 76288K, used 63990K [0x0000000790000000, 0x0000000794a80000, 0x00000007b0000000)
  object space 76288K, 83% used [0x0000000790000000,0x0000000793e7d9f8,0x0000000794a80000)
 Metaspace       used 56689K, capacity 58260K, committed 58496K, reserved 1101824K
  class space    used 6268K, capacity 6720K, committed 6784K, reserved 1048576K
}
Event: 44.650 GC heap before
{Heap before GC invocations=50 (full 3):
 PSYoungGen      total 164352K, used 163976K [0x00000007b0000000, 0x00000007bc300000, 0x00000007c0000000)
  eden space 140800K, 100% used [0x00000007b0000000,0x00000007b8980000,0x00000007b8980000)
  from space 23552K, 98% used [0x00000007ba380000,0x00000007bba22398,0x00000007bba80000)
  to   space 26624K, 0% used [0x00000007b8980000,0x00000007b8980000,0x00000007ba380000)
 ParOldGen       total 76288K, used 63990K [0x0000000790000000, 0x0000000794a80000, 0x00000007b0000000)
  object space 76288K, 83% used [0x0000000790000000,0x0000000793e7d9f8,0x0000000794a80000)
 Metaspace       used 57904K, capacity 59508K, committed 59904K, reserved 1101824K
  class space    used 6356K, capacity 6816K, committed 6912K, reserved 1048576K
Event: 44.666 GC heap after
Heap after GC invocations=50 (full 3):
 PSYoungGen      total 167424K, used 26610K [0x00000007b0000000, 0x00000007bd700000, 0x00000007c0000000)
  eden space 140800K, 0% used [0x00000007b0000000,0x00000007b0000000,0x00000007b8980000)
  from space 26624K, 99% used [0x00000007b8980000,0x00000007ba37c860,0x00000007ba380000)
  to   space 32256K, 0% used [0x00000007bb780000,0x00000007bb780000,0x00000007bd700000)
 ParOldGen       total 76288K, used 67702K [0x0000000790000000, 0x0000000794a80000, 0x00000007b0000000)
  object space 76288K, 88% used [0x0000000790000000,0x000000079421daa8,0x0000000794a80000)
 Metaspace       used 57904K, capacity 59508K, committed 59904K, reserved 1101824K
  class space    used 6356K, capacity 6816K, committed 6912K, reserved 1048576K
}
Event: 46.341 GC heap before
{Heap before GC invocations=51 (full 3):
 PSYoungGen      total 167424K, used 167410K [0x00000007b0000000, 0x00000007bd700000, 0x00000007c0000000)
  eden space 140800K, 100% used [0x00000007b0000000,0x00000007b8980000,0x00000007b8980000)
  from space 26624K, 99% used [0x00000007b8980000,0x00000007ba37c860,0x00000007ba380000)
  to   space 32256K, 0% used [0x00000007bb780000,0x00000007bb780000,0x00000007bd700000)
 ParOldGen       total 76288K, used 67702K [0x0000000790000000, 0x0000000794a80000, 0x00000007b0000000)
  object space 76288K, 88% used [0x0000000790000000,0x000000079421daa8,0x0000000794a80000)
 Metaspace       used 59676K, capacity 61376K, committed 61696K, reserved 1103872K
  class space    used 6636K, capacity 7110K, committed 7168K, reserved 1048576K
Event: 46.386 GC heap after
Heap after GC invocations=51 (full 3):
 PSYoungGen      total 181760K, used 32245K [0x00000007b0000000, 0x00000007be480000, 0x00000007c0000000)
  eden space 149504K, 0% used [0x00000007b0000000,0x00000007b0000000,0x00000007b9200000)
  from space 32256K, 99% used [0x00000007bb780000,0x00000007bd6fd530,0x00000007bd700000)
  to   space 38400K, 0% used [0x00000007b9200000,0x00000007b9200000,0x00000007bb780000)
 ParOldGen       total 76288K, used 71508K [0x0000000790000000, 0x0000000794a80000, 0x00000007b0000000)
  object space 76288K, 93% used [0x0000000790000000,0x00000007945d5128,0x0000000794a80000)
 Metaspace       used 59676K, capacity 61376K, committed 61696K, reserved 1103872K
  class space    used 6636K, capacity 7110K, committed 7168K, reserved 1048576K
}
Event: 46.386 GC heap before
{Heap before GC invocations=52 (full 4):
 PSYoungGen      total 181760K, used 32245K [0x00000007b0000000, 0x00000007be480000, 0x00000007c0000000)
  eden space 149504K, 0% used [0x00000007b0000000,0x00000007b0000000,0x00000007b9200000)
  from space 32256K, 99% used [0x00000007bb780000,0x00000007bd6fd530,0x00000007bd700000)
  to   space 38400K, 0% used [0x00000007b9200000,0x00000007b9200000,0x00000007bb780000)
 ParOldGen       total 76288K, used 71508K [0x0000000790000000, 0x0000000794a80000, 0x00000007b0000000)
  object space 76288K, 93% used [0x0000000790000000,0x00000007945d5128,0x0000000794a80000)
 Metaspace       used 59676K, capacity 61376K, committed 61696K, reserved 1103872K
  class space    used 6636K, capacity 7110K, committed 7168K, reserved 1048576K
Event: 47.110 GC heap after
Heap after GC invocations=52 (full 4):
 PSYoungGen      total 181760K, used 26418K [0x00000007b0000000, 0x00000007be480000, 0x00000007c0000000)
  eden space 149504K, 0% used [0x00000007b0000000,0x00000007b0000000,0x00000007b9200000)
  from space 32256K, 81% used [0x00000007bb780000,0x00000007bd14c858,0x00000007bd700000)
  to   space 38400K, 0% used [0x00000007b9200000,0x00000007b9200000,0x00000007bb780000)
 ParOldGen       total 89600K, used 76132K [0x0000000790000000, 0x0000000795780000, 0x00000007b0000000)
  object space 89600K, 84% used [0x0000000790000000,0x0000000794a59298,0x0000000795780000)
 Metaspace       used 59676K, capacity 61376K, committed 61696K, reserved 1103872K
  class space    used 6636K, capacity 7110K, committed 7168K, reserved 1048576K
}

